[03-Sep-2017 19:00:06 Asia/Kolkata] PHP Fatal error:  Uncaught exception 'PDOException' with message 'SQLSTATE[42S02]: Base table or view not found: 1146 Table 'test.kcxw_guest' doesn't exist' in E:\Ampps\www\kchat\kchat\box\core\sandesh.php:23
Stack trace:
#0 E:\Ampps\www\kchat\kchat\box\core\sandesh.php(23): PDO->prepare('SELECT `id`,`gr...')
#1 E:\Ampps\www\kchat\kchat\box\core\kchat.php(150): KChat->__construct(Array)
#2 E:\Ampps\www\kchat\kchat\box\kchat.php(18): require_once('E:\\Ampps\\www\\kc...')
#3 {main}
  thrown in E:\Ampps\www\kchat\kchat\box\core\sandesh.php on line 23
[03-Sep-2017 19:00:06 Asia/Kolkata] PHP Fatal error:  Uncaught exception 'PDOException' with message 'SQLSTATE[42S02]: Base table or view not found: 1146 Table 'test.kcxw_guest' doesn't exist' in E:\Ampps\www\kchat\kchat\box\core\sandesh.php:23
Stack trace:
#0 E:\Ampps\www\kchat\kchat\box\core\sandesh.php(23): PDO->prepare('SELECT `id`,`gr...')
#1 E:\Ampps\www\kchat\kchat\box\core\kchat.php(150): KChat->__construct(Array)
#2 E:\Ampps\www\kchat\kchat\box\kchat.php(18): require_once('E:\\Ampps\\www\\kc...')
#3 {main}
  thrown in E:\Ampps\www\kchat\kchat\box\core\sandesh.php on line 23
[03-Sep-2017 19:00:44 Asia/Kolkata] PHP Fatal error:  Uncaught exception 'PDOException' with message 'SQLSTATE[42S02]: Base table or view not found: 1146 Table 'test.kcxw_guest' doesn't exist' in E:\Ampps\www\kchat\kchat\box\core\sandesh.php:23
Stack trace:
#0 E:\Ampps\www\kchat\kchat\box\core\sandesh.php(23): PDO->prepare('SELECT `id`,`gr...')
#1 E:\Ampps\www\kchat\kchat\box\core\kchat.php(150): KChat->__construct(Array)
#2 E:\Ampps\www\kchat\kchat\box\kchat.php(18): require_once('E:\\Ampps\\www\\kc...')
#3 {main}
  thrown in E:\Ampps\www\kchat\kchat\box\core\sandesh.php on line 23
[03-Sep-2017 19:00:44 Asia/Kolkata] PHP Fatal error:  Uncaught exception 'PDOException' with message 'SQLSTATE[42S02]: Base table or view not found: 1146 Table 'test.kcxw_guest' doesn't exist' in E:\Ampps\www\kchat\kchat\box\core\sandesh.php:23
Stack trace:
#0 E:\Ampps\www\kchat\kchat\box\core\sandesh.php(23): PDO->prepare('SELECT `id`,`gr...')
#1 E:\Ampps\www\kchat\kchat\box\core\kchat.php(150): KChat->__construct(Array)
#2 E:\Ampps\www\kchat\kchat\box\kchat.php(18): require_once('E:\\Ampps\\www\\kc...')
#3 {main}
  thrown in E:\Ampps\www\kchat\kchat\box\core\sandesh.php on line 23
[03-Sep-2017 19:00:46 Asia/Kolkata] PHP Fatal error:  Uncaught exception 'PDOException' with message 'SQLSTATE[42S02]: Base table or view not found: 1146 Table 'test.kcxw_guest' doesn't exist' in E:\Ampps\www\kchat\kchat\box\core\sandesh.php:23
Stack trace:
#0 E:\Ampps\www\kchat\kchat\box\core\sandesh.php(23): PDO->prepare('SELECT `id`,`gr...')
#1 E:\Ampps\www\kchat\kchat\box\core\kchat.php(150): KChat->__construct(Array)
#2 E:\Ampps\www\kchat\kchat\box\kchat.php(18): require_once('E:\\Ampps\\www\\kc...')
#3 {main}
  thrown in E:\Ampps\www\kchat\kchat\box\core\sandesh.php on line 23
[03-Sep-2017 19:00:46 Asia/Kolkata] PHP Fatal error:  Uncaught exception 'PDOException' with message 'SQLSTATE[42S02]: Base table or view not found: 1146 Table 'test.kcxw_guest' doesn't exist' in E:\Ampps\www\kchat\kchat\box\core\sandesh.php:23
Stack trace:
#0 E:\Ampps\www\kchat\kchat\box\core\sandesh.php(23): PDO->prepare('SELECT `id`,`gr...')
#1 E:\Ampps\www\kchat\kchat\box\core\kchat.php(150): KChat->__construct(Array)
#2 E:\Ampps\www\kchat\kchat\box\kchat.php(18): require_once('E:\\Ampps\\www\\kc...')
#3 {main}
  thrown in E:\Ampps\www\kchat\kchat\box\core\sandesh.php on line 23
[03-Sep-2017 19:18:11 Asia/Kolkata] PHP Fatal error:  Uncaught exception 'PDOException' with message 'SQLSTATE[42S02]: Base table or view not found: 1146 Table 'test.kcxw_guest' doesn't exist' in E:\Ampps\www\kchat\kchat\box\core\sandesh.php:23
Stack trace:
#0 E:\Ampps\www\kchat\kchat\box\core\sandesh.php(23): PDO->prepare('SELECT `id`,`gr...')
#1 E:\Ampps\www\kchat\kchat\box\core\kchat.php(150): KChat->__construct(Array)
#2 E:\Ampps\www\kchat\kchat\box\kchat.php(18): require_once('E:\\Ampps\\www\\kc...')
#3 {main}
  thrown in E:\Ampps\www\kchat\kchat\box\core\sandesh.php on line 23
[03-Sep-2017 19:18:11 Asia/Kolkata] PHP Fatal error:  Uncaught exception 'PDOException' with message 'SQLSTATE[42S02]: Base table or view not found: 1146 Table 'test.kcxw_guest' doesn't exist' in E:\Ampps\www\kchat\kchat\box\core\sandesh.php:23
Stack trace:
#0 E:\Ampps\www\kchat\kchat\box\core\sandesh.php(23): PDO->prepare('SELECT `id`,`gr...')
#1 E:\Ampps\www\kchat\kchat\box\core\kchat.php(150): KChat->__construct(Array)
#2 E:\Ampps\www\kchat\kchat\box\kchat.php(18): require_once('E:\\Ampps\\www\\kc...')
#3 {main}
  thrown in E:\Ampps\www\kchat\kchat\box\core\sandesh.php on line 23
[03-Sep-2017 19:18:19 Asia/Kolkata] PHP Fatal error:  Uncaught exception 'PDOException' with message 'SQLSTATE[42S02]: Base table or view not found: 1146 Table 'test.kcxw_guest' doesn't exist' in E:\Ampps\www\kchat\kchat\box\core\sandesh.php:23
Stack trace:
#0 E:\Ampps\www\kchat\kchat\box\core\sandesh.php(23): PDO->prepare('SELECT `id`,`gr...')
#1 E:\Ampps\www\kchat\kchat\box\core\kchat.php(150): KChat->__construct(Array)
#2 E:\Ampps\www\kchat\kchat\box\kchat.php(18): require_once('E:\\Ampps\\www\\kc...')
#3 {main}
  thrown in E:\Ampps\www\kchat\kchat\box\core\sandesh.php on line 23
[03-Sep-2017 19:18:19 Asia/Kolkata] PHP Fatal error:  Uncaught exception 'PDOException' with message 'SQLSTATE[42S02]: Base table or view not found: 1146 Table 'test.kcxw_guest' doesn't exist' in E:\Ampps\www\kchat\kchat\box\core\sandesh.php:23
Stack trace:
#0 E:\Ampps\www\kchat\kchat\box\core\sandesh.php(23): PDO->prepare('SELECT `id`,`gr...')
#1 E:\Ampps\www\kchat\kchat\box\core\kchat.php(150): KChat->__construct(Array)
#2 E:\Ampps\www\kchat\kchat\box\kchat.php(18): require_once('E:\\Ampps\\www\\kc...')
#3 {main}
  thrown in E:\Ampps\www\kchat\kchat\box\core\sandesh.php on line 23
[03-Sep-2017 19:20:06 Asia/Kolkata] PHP Fatal error:  Uncaught exception 'PDOException' with message 'SQLSTATE[42S02]: Base table or view not found: 1146 Table 'test.kcxw_guest' doesn't exist' in E:\Ampps\www\kchat\kchat\box\core\sandesh.php:23
Stack trace:
#0 E:\Ampps\www\kchat\kchat\box\core\sandesh.php(23): PDO->prepare('SELECT `id`,`gr...')
#1 E:\Ampps\www\kchat\kchat\box\core\kchat.php(150): KChat->__construct(Array)
#2 E:\Ampps\www\kchat\kchat\box\kchat.php(18): require_once('E:\\Ampps\\www\\kc...')
#3 {main}
  thrown in E:\Ampps\www\kchat\kchat\box\core\sandesh.php on line 23
[03-Sep-2017 19:20:06 Asia/Kolkata] PHP Fatal error:  Uncaught exception 'PDOException' with message 'SQLSTATE[42S02]: Base table or view not found: 1146 Table 'test.kcxw_guest' doesn't exist' in E:\Ampps\www\kchat\kchat\box\core\sandesh.php:23
Stack trace:
#0 E:\Ampps\www\kchat\kchat\box\core\sandesh.php(23): PDO->prepare('SELECT `id`,`gr...')
#1 E:\Ampps\www\kchat\kchat\box\core\kchat.php(150): KChat->__construct(Array)
#2 E:\Ampps\www\kchat\kchat\box\kchat.php(18): require_once('E:\\Ampps\\www\\kc...')
#3 {main}
  thrown in E:\Ampps\www\kchat\kchat\box\core\sandesh.php on line 23
[03-Sep-2017 19:21:42 Asia/Kolkata] PHP Fatal error:  Uncaught exception 'PDOException' with message 'SQLSTATE[42S02]: Base table or view not found: 1146 Table 'test.kcxw_guest' doesn't exist' in E:\Ampps\www\kchat\kchat\box\core\sandesh.php:23
Stack trace:
#0 E:\Ampps\www\kchat\kchat\box\core\sandesh.php(23): PDO->prepare('SELECT `id`,`gr...')
#1 E:\Ampps\www\kchat\kchat\box\core\kchat.php(150): KChat->__construct(Array)
#2 E:\Ampps\www\kchat\kchat\box\kchat.php(18): require_once('E:\\Ampps\\www\\kc...')
#3 {main}
  thrown in E:\Ampps\www\kchat\kchat\box\core\sandesh.php on line 23
[03-Sep-2017 19:21:42 Asia/Kolkata] PHP Fatal error:  Uncaught exception 'PDOException' with message 'SQLSTATE[42S02]: Base table or view not found: 1146 Table 'test.kcxw_guest' doesn't exist' in E:\Ampps\www\kchat\kchat\box\core\sandesh.php:23
Stack trace:
#0 E:\Ampps\www\kchat\kchat\box\core\sandesh.php(23): PDO->prepare('SELECT `id`,`gr...')
#1 E:\Ampps\www\kchat\kchat\box\core\kchat.php(150): KChat->__construct(Array)
#2 E:\Ampps\www\kchat\kchat\box\kchat.php(18): require_once('E:\\Ampps\\www\\kc...')
#3 {main}
  thrown in E:\Ampps\www\kchat\kchat\box\core\sandesh.php on line 23
[03-Sep-2017 19:22:27 Asia/Kolkata] PHP Fatal error:  Uncaught exception 'PDOException' with message 'SQLSTATE[42S02]: Base table or view not found: 1146 Table 'test.kcxw_guest' doesn't exist' in E:\Ampps\www\kchat\kchat\box\core\sandesh.php:23
Stack trace:
#0 E:\Ampps\www\kchat\kchat\box\core\sandesh.php(23): PDO->prepare('SELECT `id`,`gr...')
#1 E:\Ampps\www\kchat\kchat\box\core\kchat.php(150): KChat->__construct(Array)
#2 E:\Ampps\www\kchat\kchat\box\kchat.php(18): require_once('E:\\Ampps\\www\\kc...')
#3 {main}
  thrown in E:\Ampps\www\kchat\kchat\box\core\sandesh.php on line 23
[03-Sep-2017 19:22:27 Asia/Kolkata] PHP Fatal error:  Uncaught exception 'PDOException' with message 'SQLSTATE[42S02]: Base table or view not found: 1146 Table 'test.kcxw_guest' doesn't exist' in E:\Ampps\www\kchat\kchat\box\core\sandesh.php:23
Stack trace:
#0 E:\Ampps\www\kchat\kchat\box\core\sandesh.php(23): PDO->prepare('SELECT `id`,`gr...')
#1 E:\Ampps\www\kchat\kchat\box\core\kchat.php(150): KChat->__construct(Array)
#2 E:\Ampps\www\kchat\kchat\box\kchat.php(18): require_once('E:\\Ampps\\www\\kc...')
#3 {main}
  thrown in E:\Ampps\www\kchat\kchat\box\core\sandesh.php on line 23
[03-Sep-2017 19:22:34 Asia/Kolkata] PHP Fatal error:  Uncaught exception 'PDOException' with message 'SQLSTATE[42S02]: Base table or view not found: 1146 Table 'test.kcxw_guest' doesn't exist' in E:\Ampps\www\kchat\kchat\box\core\sandesh.php:23
Stack trace:
#0 E:\Ampps\www\kchat\kchat\box\core\sandesh.php(23): PDO->prepare('SELECT `id`,`gr...')
#1 E:\Ampps\www\kchat\kchat\box\core\kchat.php(150): KChat->__construct(Array)
#2 E:\Ampps\www\kchat\kchat\box\kchat.php(18): require_once('E:\\Ampps\\www\\kc...')
#3 {main}
  thrown in E:\Ampps\www\kchat\kchat\box\core\sandesh.php on line 23
[03-Sep-2017 19:22:34 Asia/Kolkata] PHP Fatal error:  Uncaught exception 'PDOException' with message 'SQLSTATE[42S02]: Base table or view not found: 1146 Table 'test.kcxw_guest' doesn't exist' in E:\Ampps\www\kchat\kchat\box\core\sandesh.php:23
Stack trace:
#0 E:\Ampps\www\kchat\kchat\box\core\sandesh.php(23): PDO->prepare('SELECT `id`,`gr...')
#1 E:\Ampps\www\kchat\kchat\box\core\kchat.php(150): KChat->__construct(Array)
#2 E:\Ampps\www\kchat\kchat\box\kchat.php(18): require_once('E:\\Ampps\\www\\kc...')
#3 {main}
  thrown in E:\Ampps\www\kchat\kchat\box\core\sandesh.php on line 23
[03-Sep-2017 19:22:38 Asia/Kolkata] PHP Fatal error:  Uncaught exception 'PDOException' with message 'SQLSTATE[42S02]: Base table or view not found: 1146 Table 'test.kcxw_guest' doesn't exist' in E:\Ampps\www\kchat\kchat\box\core\sandesh.php:23
Stack trace:
#0 E:\Ampps\www\kchat\kchat\box\core\sandesh.php(23): PDO->prepare('SELECT `id`,`gr...')
#1 E:\Ampps\www\kchat\kchat\box\core\kchat.php(150): KChat->__construct(Array)
#2 E:\Ampps\www\kchat\kchat\box\kchat.php(18): require_once('E:\\Ampps\\www\\kc...')
#3 {main}
  thrown in E:\Ampps\www\kchat\kchat\box\core\sandesh.php on line 23
[03-Sep-2017 19:22:38 Asia/Kolkata] PHP Fatal error:  Uncaught exception 'PDOException' with message 'SQLSTATE[42S02]: Base table or view not found: 1146 Table 'test.kcxw_guest' doesn't exist' in E:\Ampps\www\kchat\kchat\box\core\sandesh.php:23
Stack trace:
#0 E:\Ampps\www\kchat\kchat\box\core\sandesh.php(23): PDO->prepare('SELECT `id`,`gr...')
#1 E:\Ampps\www\kchat\kchat\box\core\kchat.php(150): KChat->__construct(Array)
#2 E:\Ampps\www\kchat\kchat\box\kchat.php(18): require_once('E:\\Ampps\\www\\kc...')
#3 {main}
  thrown in E:\Ampps\www\kchat\kchat\box\core\sandesh.php on line 23
